<?xml version="1.0" encoding="utf-8"?>
<coverage line-rate="0.875" branch-rate="0.8332999999999999" version="1.9" timestamp="1744139194" lines-covered="14" lines-valid="16" branches-covered="5" branches-valid="6">
  <sources>
    <source>/home/runner/work/code-coverage-example/code-coverage-example/Demo-App/</source>
  </sources>
  <packages>
    <package name="Demo-App" line-rate="0.875" branch-rate="0.8332999999999999" complexity="10">
      <classes>
        <class name="Demo_App.Helper" filename="Helper.cs" line-rate="0.8" branch-rate="0.75" complexity="4">
          <methods>
            <method name="AnotherMethod" signature="(System.String)" line-rate="0.8" branch-rate="0.75" complexity="4">
              <lines>
                <line number="7" hits="2" branch="True" condition-coverage="100% (2/2)">
                  <conditions>
                    <condition number="16" type="jump" coverage="100%" />
                  </conditions>
                </line>
                <line number="9" hits="1" branch="False" />
                <line number="11" hits="1" branch="True" condition-coverage="50% (1/2)">
                  <conditions>
                    <condition number="45" type="jump" coverage="50%" />
                  </conditions>
                </line>
                <line number="13" hits="0" branch="False" />
                <line number="15" hits="1" branch="False" />
              </lines>
            </method>
          </methods>
          <lines>
            <line number="7" hits="2" branch="True" condition-coverage="100% (2/2)">
              <conditions>
                <condition number="16" type="jump" coverage="100%" />
              </conditions>
            </line>
            <line number="9" hits="1" branch="False" />
            <line number="11" hits="1" branch="True" condition-coverage="50% (1/2)">
              <conditions>
                <condition number="45" type="jump" coverage="50%" />
              </conditions>
            </line>
            <line number="13" hits="0" branch="False" />
            <line number="15" hits="1" branch="False" />
          </lines>
        </class>
        <class name="Demo_App.HowdyService" filename="HowdyService.cs" line-rate="0.75" branch-rate="1" complexity="4">
          <methods>
            <method name="Howdy" signature="(System.String)" line-rate="1" branch-rate="1" complexity="1">
              <lines>
                <line number="8" hits="1" branch="False" />
              </lines>
            </method>
            <method name="Hello" signature="(System.String)" line-rate="1" branch-rate="1" complexity="1">
              <lines>
                <line number="13" hits="1" branch="False" />
              </lines>
            </method>
            <method name="Hola" signature="(System.String)" line-rate="1" branch-rate="1" complexity="1">
              <lines>
                <line number="18" hits="1" branch="False" />
              </lines>
            </method>
            <method name="Goodbye" signature="(System.String)" line-rate="0" branch-rate="1" complexity="1">
              <lines>
                <line number="23" hits="0" branch="False" />
              </lines>
            </method>
          </methods>
          <lines>
            <line number="8" hits="1" branch="False" />
            <line number="13" hits="1" branch="False" />
            <line number="18" hits="1" branch="False" />
            <line number="23" hits="0" branch="False" />
          </lines>
        </class>
        <class name="Demo_App.Program" filename="Program.cs" line-rate="1" branch-rate="1" complexity="2">
          <methods>
            <method name="Main" signature="(System.String[])" line-rate="1" branch-rate="1" complexity="2">
              <lines>
                <line number="7" hits="3" branch="False" />
                <line number="8" hits="3" branch="True" condition-coverage="100% (2/2)">
                  <conditions>
                    <condition number="8" type="jump" coverage="100%" />
                  </conditions>
                </line>
                <line number="10" hits="2" branch="False" />
                <line number="11" hits="2" branch="False" />
                <line number="15" hits="1" branch="False" />
                <line number="18" hits="3" branch="False" />
                <line number="19" hits="3" branch="False" />
              </lines>
            </method>
          </methods>
          <lines>
            <line number="7" hits="3" branch="False" />
            <line number="8" hits="3" branch="True" condition-coverage="100% (2/2)">
              <conditions>
                <condition number="8" type="jump" coverage="100%" />
              </conditions>
            </line>
            <line number="10" hits="2" branch="False" />
            <line number="11" hits="2" branch="False" />
            <line number="15" hits="1" branch="False" />
            <line number="18" hits="3" branch="False" />
            <line number="19" hits="3" branch="False" />
          </lines>
        </class>
      </classes>
    </package>
  </packages>
</coverage>